<?xml version="1.0" encoding="UTF-8"?>
<!-- Generated by org.testng.reporters.JUnitXMLReporter -->
<testsuite ignored="5" hostname="Mugesh" failures="0" tests="0" time="0.045" errors="0" timestamp="2024-04-11T14:57:29 IST">
  <testcase classname="DWTestCase.DWTestCaseTest" name="bookstitleTest" time="0.0">
    <ignored/>
  </testcase> <!-- bookstitleTest -->
  <testcase classname="DWTestCase.DWTestCaseTest" name="notebooktitleTest" time="0.0">
    <ignored/>
  </testcase> <!-- notebooktitleTest -->
  <testcase classname="DWTestCase.DWTestCaseTest" name="hometest" time="0.0">
    <ignored/>
  </testcase> <!-- hometest -->
  <testcase classname="DWTestCase.DWTestCaseTest" name="book_001" time="0.0">
    <ignored/>
  </testcase> <!-- book_001 -->
  <testcase classname="DWTestCase.DWTestCaseTest" name="productorder_001" time="0.0">
    <ignored/>
  </testcase> <!-- productorder_001 -->
</testsuite>
